  stdafx.cpp
  Actor.cpp
  ActorComponent.cpp
  AnimInstance.cpp
  AnimNode.cpp
  AnimSequence.cpp
  AssetManager.cpp
  Camera.cpp
  Character.cpp
  DDSTextureLoader.cpp
  DeviceEventProcessor.cpp
  DX12DynamicRHI.cpp
  DynamicRHI.cpp
  Engine.cpp
  FrameResourceManager.cpp
  Joint.cpp
  Key.cpp
  Light.cpp
  Main.cpp
  Material.cpp
  MathExtend.cpp
  正在生成代码...
  正在编译...
  Renderer.cpp
  RenderThread.cpp
  Scene.cpp
  SkeletalMesh.cpp
  Skeleton.cpp
  SkinnedWeightVertex.cpp
  StaticMesh.cpp
  StaticVertex.cpp
  test.cpp
  Thread.cpp
  Track.cpp
  Win32Application.cpp
  正在生成代码...
  ParadoxEngine.vcxproj -> I:\CppWork\ParadoxEngine\ParadoxEngine\ParadoxEngine\bin\x64\Debug\ParadoxEngine.exe
